<?xml version="1.0" encoding="UTF-8" ?>
<testsuite errors="0" failures="0" hostname="netstorm-TECRA-C50-C" name="com.cavisson.biswajit.ChromeTestStory" skipped="0" tests="1" time="64.496" timestamp="2018-12-03T11:13:34">
  <properties>
    <property name="ant.project.invoked-targets" value="junit" />
    <property name="ant.file.JUnitDemo" value="/home/netstorm/biswajit/newJBehaveDemo/build.xml" />
    <property name="java.runtime.name" value="Java(TM) SE Runtime Environment" />
    <property name="sun.boot.library.path" value="/apps/java/jdk1.8.0_121/jre/lib/amd64" />
    <property name="java.vm.version" value="25.121-b13" />
    <property name="ant.library.dir" value="/usr/share/ant/lib" />
    <property name="ant.version" value="Apache Ant(TM) version 1.9.6 compiled on July 20 2018" />
    <property name="ant.java.version" value="1.8" />
    <property name="java.vm.vendor" value="Oracle Corporation" />
    <property name="java.vendor.url" value="http://java.oracle.com/" />
    <property name="path.separator" value=":" />
    <property name="java.vm.name" value="Java HotSpot(TM) 64-Bit Server VM" />
    <property name="file.encoding.pkg" value="sun.io" />
    <property name="user.country" value="US" />
    <property name="sun.java.launcher" value="SUN_STANDARD" />
    <property name="sun.os.patch.level" value="unknown" />
    <property name="suite.file" value="SimpleCreateScenario&#xa;SimpleCreateScenario2Groups&#xa;SimpleDeleteScenario&#xa;SimpleCreateScenarioDeleteScenario&#xa;" />
    <property name="java.vm.specification.name" value="Java Virtual Machine Specification" />
    <property name="user.dir" value="/home/netstorm/biswajit/newJBehaveDemo" />
    <property name="java.runtime.version" value="1.8.0_121-b13" />
    <property name="java.awt.graphicsenv" value="sun.awt.X11GraphicsEnvironment" />
    <property name="basedir" value="/home/netstorm/biswajit/newJBehaveDemo" />
    <property name="java.endorsed.dirs" value="/apps/java/jdk1.8.0_121/jre/lib/endorsed" />
    <property name="os.arch" value="amd64" />
    <property name="ant.project.default-target" value="junit" />
    <property name="java.io.tmpdir" value="/tmp" />
    <property name="ant.core.lib" value="/usr/share/ant/lib/ant.jar" />
    <property name="line.separator" value="&#xa;" />
    <property name="java.vm.specification.vendor" value="Oracle Corporation" />
    <property name="os.name" value="Linux" />
    <property name="ant.home" value="/usr/share/ant" />
    <property name="ant.project.name" value="JUnitDemo" />
    <property name="sun.jnu.encoding" value="UTF-8" />
    <property name="java.library.path" value="/usr/java/packages/lib/amd64:/usr/lib64:/lib64:/lib:/usr/lib" />
    <property name="java.class.version" value="52.0" />
    <property name="java.specification.name" value="Java Platform API Specification" />
    <property name="sun.management.compiler" value="HotSpot 64-Bit Tiered Compilers" />
    <property name="os.version" value="4.4.0-78-cavisson" />
    <property name="ant.file" value="/home/netstorm/biswajit/newJBehaveDemo/build.xml" />
    <property name="user.home" value="/home/netstorm" />
    <property name="user.timezone" value="" />
    <property name="ant.file.type.JUnitDemo" value="file" />
    <property name="java.awt.printerjob" value="sun.print.PSPrinterJob" />
    <property name="file.encoding" value="UTF-8" />
    <property name="java.specification.version" value="1.8" />
    <property name="user.name" value="netstorm" />
    <property name="java.class.path" value="/usr/share/ant/lib/ant-launcher.jar:/home/netstorm/Automation_Projects/lib/jar_lib/client-combined-3.8.1.jar:/home/netstorm/Automation_Projects/lib/jar_lib/mail.jar:/home/netstorm/Automation_Projects/lib/jar_lib/phantomjsdriver-1.1.0.jar:/home/netstorm/Automation_Projects/lib/jar_lib/ngwebdriver-1.0.jar:/home/netstorm/Automation_Projects/lib/jar_lib/activation.jar:/home/netstorm/Automation_Projects/lib/jar_lib/selenium-server-standalone-3.7.1.jar:/home/netstorm/Automation_Projects/lib/jar_lib/ashot-1.5.3.jar:/home/netstorm/Automation_Projects/lib/jar_lib/log4j-1.2.17.jar:/home/netstorm/Automation_Projects/lib/jar_lib/browsermob-dist-2.1.5.jar:/home/netstorm/Automation_Projects/lib/jar_lib/byte-buddy-1.7.5.jar:/home/netstorm/Automation_Projects/lib/jar_lib/commons-exec-1.3.jar:/home/netstorm/Automation_Projects/lib/jar_lib/commons-codec-1.10.jar:/home/netstorm/Automation_Projects/lib/jar_lib/gson-2.8.2.jar:/home/netstorm/Automation_Projects/lib/jar_lib/commons-logging-1.2.jar:/home/netstorm/Automation_Projects/lib/jar_lib/guava-23.0.:/usr/share/ant/lib/ant-jdepend.jar:/usr/share/ant/lib/ant-antlr.jar:/usr/share/ant/lib/jsch.jar:/usr/share/ant/lib/ant-junit.jar:/usr/share/ant/lib/ant-apache-bsf.jar:/usr/share/ant/lib/ant-launcher.jar:/usr/share/ant/lib/hamcrest-core-1.3.jar:/usr/share/ant/lib/ant-jsch.jar:/usr/share/ant/lib/ant-apache-bcel.jar:/usr/share/ant/lib/ant-junit-1.8.4.jar:/usr/share/ant/lib/ant-contrib.jar:/usr/share/ant/lib/ant-commons-logging.jar:/usr/share/ant/lib/ant-apache-regexp.jar:/usr/share/ant/lib/ant-junit4.jar:/usr/share/ant/lib/ant-javamail.jar:/usr/share/ant/lib/ant-apache-log4j.jar:/usr/share/ant/lib/ant-jmf.jar:/usr/share/ant/lib/ant-apache-oro.jar:/usr/share/ant/lib/junit.jar:/usr/share/ant/lib/ant-commons-net.jar:/usr/share/ant/lib/ant-apache-resolver.jar:/usr/share/ant/lib/ant-swing.jar:/usr/share/ant/lib/junit-4.10.jar:/usr/share/ant/lib/ant.jar:/usr/share/ant/lib/ant-testutil.jar:/usr/share/ant/lib/ant-apache-xalan2.jar:/usr/share/ant/lib/MyLogger.jar:/apps/java/jdk1.8.0_121/lib/tools.jar" />
    <property name="java.vm.specification.version" value="1.8" />
    <property name="sun.java.command" value="org.apache.tools.ant.launch.Launcher -cp /home/netstorm/Automation_Projects/lib/jar_lib/client-combined-3.8.1.jar:/home/netstorm/Automation_Projects/lib/jar_lib/mail.jar:/home/netstorm/Automation_Projects/lib/jar_lib/phantomjsdriver-1.1.0.jar:/home/netstorm/Automation_Projects/lib/jar_lib/ngwebdriver-1.0.jar:/home/netstorm/Automation_Projects/lib/jar_lib/activation.jar:/home/netstorm/Automation_Projects/lib/jar_lib/selenium-server-standalone-3.7.1.jar:/home/netstorm/Automation_Projects/lib/jar_lib/ashot-1.5.3.jar:/home/netstorm/Automation_Projects/lib/jar_lib/log4j-1.2.17.jar:/home/netstorm/Automation_Projects/lib/jar_lib/browsermob-dist-2.1.5.jar:/home/netstorm/Automation_Projects/lib/jar_lib/byte-buddy-1.7.5.jar:/home/netstorm/Automation_Projects/lib/jar_lib/commons-exec-1.3.jar:/home/netstorm/Automation_Projects/lib/jar_lib/commons-codec-1.10.jar:/home/netstorm/Automation_Projects/lib/jar_lib/gson-2.8.2.jar:/home/netstorm/Automation_Projects/lib/jar_lib/commons-logging-1.2.jar:/home/netstorm/Automation_Projects/lib/jar_lib/guava-23.0. -DsuiteName=Smoke start-test" />
    <property name="java.home" value="/apps/java/jdk1.8.0_121/jre" />
    <property name="sun.arch.data.model" value="64" />
    <property name="java.specification.vendor" value="Oracle Corporation" />
    <property name="user.language" value="en" />
    <property name="awt.toolkit" value="sun.awt.X11.XToolkit" />
    <property name="java.vm.info" value="mixed mode" />
    <property name="java.version" value="1.8.0_121" />
    <property name="suiteName" value="Smoke" />
    <property name="java.ext.dirs" value="/apps/java/jdk1.8.0_121/jre/lib/ext:/usr/java/packages/lib/ext" />
    <property name="sun.boot.class.path" value="/apps/java/jdk1.8.0_121/jre/lib/resources.jar:/apps/java/jdk1.8.0_121/jre/lib/rt.jar:/apps/java/jdk1.8.0_121/jre/lib/sunrsasign.jar:/apps/java/jdk1.8.0_121/jre/lib/jsse.jar:/apps/java/jdk1.8.0_121/jre/lib/jce.jar:/apps/java/jdk1.8.0_121/jre/lib/charsets.jar:/apps/java/jdk1.8.0_121/jre/lib/jfr.jar:/apps/java/jdk1.8.0_121/jre/classes" />
    <property name="java.vendor" value="Oracle Corporation" />
    <property name="file.separator" value="/" />
    <property name="java.vendor.url.bug" value="http://bugreport.sun.com/bugreport/" />
    <property name="sun.cpu.endian" value="little" />
    <property name="sun.io.unicode.encoding" value="UnicodeLittle" />
    <property name="ant.file.type" value="file" />
    <property name="sun.desktop" value="gnome" />
    <property name="sun.cpu.isalist" value="" />
  </properties>
  <testcase classname="com.cavisson.biswajit.ChromeTestStory" name="run" time="64.391" />
  <system-out><![CDATA[Inside the log
The test property for testcase is SimpleCreateScenarioDeleteScenario
./testcases/SimpleCreateScenarioDeleteScenario/test_case.conf
The test property for Story StoryFile is chrome_test_login.story
Inside the log
The test property for testcase is SimpleCreateScenarioDeleteScenario
./testcases/SimpleCreateScenarioDeleteScenario/test_case.conf
The test property for Story StoryFile is chrome_test_login.story
Processing system properties {}
Using controls EmbedderControls[batch=false,skip=false,generateViewAfterStories=true,ignoreFailureInStories=false,ignoreFailureInView=false,verboseFailures=false,verboseFiltering=false,storyTimeouts=600,threads=1,failOnStoryTimeout=false]

(BeforeStories)

Running story 

()
Scenario: 
Examples:
Given a chrometest with testcaseName firstTest
And open Netstorm ProductUI for http://10.10.30.106
When login with username <username> and password <userpass>
Then home page login name should be <username>
Given create a scenario with name <scenario_name> project <project_name> subproject <sub_project_name>
Then add group with groupname <groupname> , script <script_name> , project <project_name> , subproject <sub_project_name>
And save the scenario
And move to TotalScenarios UI
Then delete scenario <scenario_name>
Then quit chrometest

|username|userpass|scenario_name|project_name|sub_project_name|groupname|script_name|
|aditya|cavisson|new_netstorm_test1|default|default|Group1|hpd_tours|

Example: {username=aditya, userpass=cavisson, scenario_name=new_netstorm_test1, project_name=default, sub_project_name=default, groupname=Group1, script_name=hpd_tours}
test case name = firstTest
The test 4j property for executableBinary is /opt/google/chrome/google-chrome
The test 4j property for baseDir is /home/netstorm/biswajit/newJBehaveDemo
The test 4j property for driverPath is chromedriver
***********************************Capabilities {browserName: chrome}***********************
Using timeout for story  of 600 secs.
Given a chrometest with testcaseName firstTest
And open Netstorm ProductUI for http://10.10.30.106
Initial wait started
Initial wait is over
going to capture screenshot
Completed capture screenshot
Secondary wait started
Secondary wait Completed
When login with username aditya and password cavisson
Inside assert aditya
Then home page login name should be aditya
Initial wait started
Initial wait is over
going to capture screenshot
Completed capture screenshot
Secondary wait started
Secondary wait Completed
Given create a scenario with name new_netstorm_test1 project default subproject default
Then add group with groupname Group1 , script hpd_tours , project default , subproject default
And save the scenario
And move to TotalScenarios UI
Then delete scenario new_netstorm_test1
Then quit chrometest




(AfterStories)

Generating reports view to '/home/netstorm/biswajit/newJBehaveDemo/target/jbehave-report' using formats '[stats, html, console]' and view properties '{navigator=ftl/jbehave-navigator.ftl, views=ftl/jbehave-views.ftl, reports=ftl/jbehave-reports.ftl, nonDecorated=ftl/jbehave-report-non-decorated.ftl, decorated=ftl/jbehave-report-decorated.ftl, maps=ftl/jbehave-maps.ftl}'
Reports view generated with 3 stories (of which 0 pending) containing 3 scenarios (of which 0 pending)
]]></system-out>
  <system-err><![CDATA[Dec 03, 2018 4:43:35 PM org.openqa.selenium.remote.DesiredCapabilities chrome
INFO: Using `new ChromeOptions()` is preferred to `DesiredCapabilities.chrome()`
Starting ChromeDriver 2.43.600233 (523efee95e3d68b8719b3a1c83051aa63aa6b10d) on port 1024
Only local connections are allowed.
log4j:WARN No appenders could be found for logger (org.apache.http.client.protocol.RequestAddCookies).
log4j:WARN Please initialize the log4j system properly.
log4j:WARN See http://logging.apache.org/log4j/1.2/faq.html#noconfig for more info.
Dec 03, 2018 4:43:36 PM org.openqa.selenium.remote.ProtocolHandshake createSession
INFO: Detected dialect: OSS
]]></system-err>
</testsuite>
